<?xml version="1.0" encoding="UTF-8" ?>
<testsuite errors="0" failures="0" hostname="gecko10.cs.clemson.edu" name="projectproof.DefinitionTest" tests="3" time="0.098" timestamp="2011-11-21T19:15:52">
  <properties>
[...]
</properties>
  <testcase classname="projectproof.DefinitionTest" name="testGetName" time="0.0060" />
  <testcase classname="projectproof.DefinitionTest" name="testGetArgs" time="0.0" />
  <testcase classname="projectproof.DefinitionTest" name="testToString" time="0.0010" />
  <system-out><![CDATA[getName
getArgs
toString
]]></system-out>
  <system-err><![CDATA[]]></system-err>
</testsuite>
